<?xml version="1.0" encoding="UTF-8"?>
<robot generator="Robot 5.0.1 (Python 3.10.6 on win32)" generated="20220822 00:44:58.628" rpa="false" schemaversion="3">
<suite id="s1" name="Tests" source="C:\qacademy\twp\tests">
<suite id="s1-s1" name="Buttons" source="C:\qacademy\twp\tests\buttons.robot">
<test id="s1-s1-t1" name="Deve realizar um clique simples" line="13">
<kw name="Open Session" library="base" type="SETUP">
<kw name="Set Appium Timeout" library="AppiumLibrary">
<arg>5</arg>
<doc>Sets the timeout in seconds used by various keywords.</doc>
<status status="PASS" starttime="20220822 00:44:58.864" endtime="20220822 00:44:58.864"/>
</kw>
<kw name="Open Application" library="AppiumLibrary">
<arg>http://localhost:4723/wd/hub</arg>
<arg>automationName=UiAutomator2</arg>
<arg>platformName=Android</arg>
<arg>deviceName=Android Emulator</arg>
<arg>app=${EXECDIR}/app/twp.apk</arg>
<doc>Opens a new application to given Appium server.
Capabilities of appium server, Android and iOS,
Please check https://github.com/appium/appium/blob/master/docs/en/writing-running-appium/server-args.md
| *Option*            | *Man.* | *Description*     |
| remote_url          | Yes    | Appium server url |
| alias               | no     | alias             |</doc>
<status status="PASS" starttime="20220822 00:44:58.864" endtime="20220822 00:45:14.425"/>
</kw>
<kw name="Get Started" library="helpers">
<kw name="Wait Until Page Contains" library="AppiumLibrary">
<arg>${START}</arg>
<doc>Waits until `text` appears on current page.</doc>
<status status="PASS" starttime="20220822 00:45:14.426" endtime="20220822 00:45:18.510"/>
</kw>
<kw name="Click Text" library="AppiumLibrary">
<arg>${START}</arg>
<doc>Click text identified by ``text``.</doc>
<status status="PASS" starttime="20220822 00:45:18.510" endtime="20220822 00:45:19.195"/>
</kw>
<status status="PASS" starttime="20220822 00:45:14.425" endtime="20220822 00:45:19.195"/>
</kw>
<status status="PASS" starttime="20220822 00:44:58.864" endtime="20220822 00:45:19.195"/>
</kw>
<kw name="Go To Short Click" library="helpers">
<kw name="Go To BOTÕES" library="helpers" sourcename="Go To ${ELEMENT}">
<kw name="Open Nav" library="helpers">
<kw name="Wait Until Element Is Visible" library="AppiumLibrary">
<arg>${MENU_HAMBURGUER}</arg>
<doc>Waits until element specified with `locator` is visible.</doc>
<status status="PASS" starttime="20220822 00:45:19.197" endtime="20220822 00:45:20.426"/>
</kw>
<kw name="Click Element" library="AppiumLibrary">
<arg>${MENU_HAMBURGUER}</arg>
<doc>Click element identified by `locator`.</doc>
<msg timestamp="20220822 00:45:20.427" level="INFO">Clicking element 'xpath=//android.widget.ImageButton[@content-desc="Open navigation drawer"]'.</msg>
<status status="PASS" starttime="20220822 00:45:20.426" endtime="20220822 00:45:20.530"/>
</kw>
<kw name="Wait Until Element Is Visible" library="AppiumLibrary">
<arg>${NAV_VIEW}</arg>
<doc>Waits until element specified with `locator` is visible.</doc>
<status status="PASS" starttime="20220822 00:45:20.530" endtime="20220822 00:45:21.479"/>
</kw>
<status status="PASS" starttime="20220822 00:45:19.197" endtime="20220822 00:45:21.479"/>
</kw>
<kw name="Click Text" library="AppiumLibrary">
<arg>${ELEMENT}</arg>
<doc>Click text identified by ``text``.</doc>
<status status="PASS" starttime="20220822 00:45:21.479" endtime="20220822 00:45:21.653"/>
</kw>
<kw name="Wait Until Page Contains" library="AppiumLibrary">
<arg>${ELEMENT}</arg>
<doc>Waits until `text` appears on current page.</doc>
<status status="PASS" starttime="20220822 00:45:21.653" endtime="20220822 00:45:22.077"/>
</kw>
<status status="PASS" starttime="20220822 00:45:19.196" endtime="20220822 00:45:22.077"/>
</kw>
<kw name="Wait Until Page Contains" library="AppiumLibrary">
<arg>CLIQUE SIMPLES</arg>
<doc>Waits until `text` appears on current page.</doc>
<status status="PASS" starttime="20220822 00:45:22.077" endtime="20220822 00:45:22.685"/>
</kw>
<kw name="Click Text" library="AppiumLibrary">
<arg>CLIQUE SIMPLES</arg>
<doc>Click text identified by ``text``.</doc>
<status status="PASS" starttime="20220822 00:45:22.685" endtime="20220822 00:45:22.794"/>
</kw>
<kw name="Wait Until Page Contains" library="AppiumLibrary">
<arg>Botão clique simples</arg>
<doc>Waits until `text` appears on current page.</doc>
<status status="PASS" starttime="20220822 00:45:22.794" endtime="20220822 00:45:23.615"/>
</kw>
<status status="PASS" starttime="20220822 00:45:19.196" endtime="20220822 00:45:23.615"/>
</kw>
<kw name="Click Element" library="AppiumLibrary">
<arg>${SHORTCLICK}</arg>
<doc>Click element identified by `locator`.</doc>
<msg timestamp="20220822 00:45:23.618" level="INFO">Clicking element 'id=io.qaninja.android.twp:id/short_click'.</msg>
<status status="PASS" starttime="20220822 00:45:23.616" endtime="20220822 00:45:23.665"/>
</kw>
<kw name="Wait Until Page Contains" library="AppiumLibrary">
<arg>Isso é um clique simples</arg>
<doc>Waits until `text` appears on current page.</doc>
<status status="PASS" starttime="20220822 00:45:23.666" endtime="20220822 00:45:23.773"/>
</kw>
<kw name="Close Session" library="base" type="TEARDOWN">
<kw name="Capture Page Screenshot" library="AppiumLibrary">
<doc>Takes a screenshot of the current page and embeds it into the log.</doc>
<msg timestamp="20220822 00:45:24.105" level="INFO" html="true">&lt;/td&gt;&lt;/tr&gt;&lt;tr&gt;&lt;td colspan="3"&gt;&lt;a href="appium-screenshot-1.png"&gt;&lt;img src="appium-screenshot-1.png" width="800px"&gt;&lt;/a&gt;</msg>
<status status="PASS" starttime="20220822 00:45:23.774" endtime="20220822 00:45:24.105"/>
</kw>
<kw name="Close Application" library="AppiumLibrary">
<doc>Closes the current application and also close webdriver session.</doc>
<status status="PASS" starttime="20220822 00:45:24.105" endtime="20220822 00:45:24.852"/>
</kw>
<status status="PASS" starttime="20220822 00:45:23.774" endtime="20220822 00:45:24.853"/>
</kw>
<tag>short</tag>
<status status="PASS" starttime="20220822 00:44:58.863" endtime="20220822 00:45:24.853"/>
</test>
<test id="s1-s1-t2" name="Deve realizar um clique longo" line="20">
<kw name="Open Session" library="base" type="SETUP">
<kw name="Set Appium Timeout" library="AppiumLibrary">
<arg>5</arg>
<doc>Sets the timeout in seconds used by various keywords.</doc>
<status status="PASS" starttime="20220822 00:45:24.858" endtime="20220822 00:45:24.858"/>
</kw>
<kw name="Open Application" library="AppiumLibrary">
<arg>http://localhost:4723/wd/hub</arg>
<arg>automationName=UiAutomator2</arg>
<arg>platformName=Android</arg>
<arg>deviceName=Android Emulator</arg>
<arg>app=${EXECDIR}/app/twp.apk</arg>
<doc>Opens a new application to given Appium server.
Capabilities of appium server, Android and iOS,
Please check https://github.com/appium/appium/blob/master/docs/en/writing-running-appium/server-args.md
| *Option*            | *Man.* | *Description*     |
| remote_url          | Yes    | Appium server url |
| alias               | no     | alias             |</doc>
<status status="PASS" starttime="20220822 00:45:24.859" endtime="20220822 00:45:38.193"/>
</kw>
<kw name="Get Started" library="helpers">
<kw name="Wait Until Page Contains" library="AppiumLibrary">
<arg>${START}</arg>
<doc>Waits until `text` appears on current page.</doc>
<status status="PASS" starttime="20220822 00:45:38.194" endtime="20220822 00:45:42.358"/>
</kw>
<kw name="Click Text" library="AppiumLibrary">
<arg>${START}</arg>
<doc>Click text identified by ``text``.</doc>
<status status="PASS" starttime="20220822 00:45:42.358" endtime="20220822 00:45:43.004"/>
</kw>
<status status="PASS" starttime="20220822 00:45:38.193" endtime="20220822 00:45:43.004"/>
</kw>
<status status="PASS" starttime="20220822 00:45:24.857" endtime="20220822 00:45:43.005"/>
</kw>
<kw name="Go To Long Click" library="helpers">
<kw name="Go To BOTÕES" library="helpers" sourcename="Go To ${ELEMENT}">
<kw name="Open Nav" library="helpers">
<kw name="Wait Until Element Is Visible" library="AppiumLibrary">
<arg>${MENU_HAMBURGUER}</arg>
<doc>Waits until element specified with `locator` is visible.</doc>
<status status="PASS" starttime="20220822 00:45:43.006" endtime="20220822 00:45:44.251"/>
</kw>
<kw name="Click Element" library="AppiumLibrary">
<arg>${MENU_HAMBURGUER}</arg>
<doc>Click element identified by `locator`.</doc>
<msg timestamp="20220822 00:45:44.252" level="INFO">Clicking element 'xpath=//android.widget.ImageButton[@content-desc="Open navigation drawer"]'.</msg>
<status status="PASS" starttime="20220822 00:45:44.251" endtime="20220822 00:45:44.365"/>
</kw>
<kw name="Wait Until Element Is Visible" library="AppiumLibrary">
<arg>${NAV_VIEW}</arg>
<doc>Waits until element specified with `locator` is visible.</doc>
<status status="PASS" starttime="20220822 00:45:44.365" endtime="20220822 00:45:45.316"/>
</kw>
<status status="PASS" starttime="20220822 00:45:43.006" endtime="20220822 00:45:45.316"/>
</kw>
<kw name="Click Text" library="AppiumLibrary">
<arg>${ELEMENT}</arg>
<doc>Click text identified by ``text``.</doc>
<status status="PASS" starttime="20220822 00:45:45.316" endtime="20220822 00:45:45.499"/>
</kw>
<kw name="Wait Until Page Contains" library="AppiumLibrary">
<arg>${ELEMENT}</arg>
<doc>Waits until `text` appears on current page.</doc>
<status status="PASS" starttime="20220822 00:45:45.500" endtime="20220822 00:45:45.947"/>
</kw>
<status status="PASS" starttime="20220822 00:45:43.006" endtime="20220822 00:45:45.947"/>
</kw>
<kw name="Wait Until Page Contains" library="AppiumLibrary">
<arg>CLIQUE LONGO</arg>
<doc>Waits until `text` appears on current page.</doc>
<status status="PASS" starttime="20220822 00:45:45.948" endtime="20220822 00:45:46.500"/>
</kw>
<kw name="Click Text" library="AppiumLibrary">
<arg>CLIQUE LONGO</arg>
<doc>Click text identified by ``text``.</doc>
<status status="PASS" starttime="20220822 00:45:46.500" endtime="20220822 00:45:46.613"/>
</kw>
<kw name="Wait Until Page Contains" library="AppiumLibrary">
<arg>Botão clique longo</arg>
<doc>Waits until `text` appears on current page.</doc>
<status status="PASS" starttime="20220822 00:45:46.613" endtime="20220822 00:45:47.449"/>
</kw>
<status status="PASS" starttime="20220822 00:45:43.006" endtime="20220822 00:45:47.449"/>
</kw>
<kw name="Long Press" library="AppiumLibrary">
<arg>${LONGCLICK}</arg>
<arg>1000</arg>
<doc>Long press the element with optional duration</doc>
<status status="PASS" starttime="20220822 00:45:47.450" endtime="20220822 00:45:50.067"/>
</kw>
<kw name="Wait Until Page Contains" library="AppiumLibrary">
<arg>CLIQUE LONGO OK</arg>
<doc>Waits until `text` appears on current page.</doc>
<status status="PASS" starttime="20220822 00:45:50.068" endtime="20220822 00:45:50.132"/>
</kw>
<kw name="Close Session" library="base" type="TEARDOWN">
<kw name="Capture Page Screenshot" library="AppiumLibrary">
<doc>Takes a screenshot of the current page and embeds it into the log.</doc>
<msg timestamp="20220822 00:45:50.415" level="INFO" html="true">&lt;/td&gt;&lt;/tr&gt;&lt;tr&gt;&lt;td colspan="3"&gt;&lt;a href="appium-screenshot-2.png"&gt;&lt;img src="appium-screenshot-2.png" width="800px"&gt;&lt;/a&gt;</msg>
<status status="PASS" starttime="20220822 00:45:50.133" endtime="20220822 00:45:50.415"/>
</kw>
<kw name="Close Application" library="AppiumLibrary">
<doc>Closes the current application and also close webdriver session.</doc>
<status status="PASS" starttime="20220822 00:45:50.415" endtime="20220822 00:45:51.172"/>
</kw>
<status status="PASS" starttime="20220822 00:45:50.133" endtime="20220822 00:45:51.173"/>
</kw>
<tag>long</tag>
<status status="PASS" starttime="20220822 00:45:24.856" endtime="20220822 00:45:51.173"/>
</test>
<status status="PASS" starttime="20220822 00:44:58.656" endtime="20220822 00:45:51.176"/>
</suite>
<suite id="s1-s2" name="Checkbox" source="C:\qacademy\twp\tests\checkbox.robot">
<test id="s1-s2-t1" name="Deve selecionar o checkbox Python" line="13">
<kw name="Open Session" library="base" type="SETUP">
<kw name="Set Appium Timeout" library="AppiumLibrary">
<arg>5</arg>
<doc>Sets the timeout in seconds used by various keywords.</doc>
<status status="PASS" starttime="20220822 00:45:51.185" endtime="20220822 00:45:51.185"/>
</kw>
<kw name="Open Application" library="AppiumLibrary">
<arg>http://localhost:4723/wd/hub</arg>
<arg>automationName=UiAutomator2</arg>
<arg>platformName=Android</arg>
<arg>deviceName=Android Emulator</arg>
<arg>app=${EXECDIR}/app/twp.apk</arg>
<doc>Opens a new application to given Appium server.
Capabilities of appium server, Android and iOS,
Please check https://github.com/appium/appium/blob/master/docs/en/writing-running-appium/server-args.md
| *Option*            | *Man.* | *Description*     |
| remote_url          | Yes    | Appium server url |
| alias               | no     | alias             |</doc>
<status status="PASS" starttime="20220822 00:45:51.185" endtime="20220822 00:46:04.610"/>
</kw>
<kw name="Get Started" library="helpers">
<kw name="Wait Until Page Contains" library="AppiumLibrary">
<arg>${START}</arg>
<doc>Waits until `text` appears on current page.</doc>
<status status="PASS" starttime="20220822 00:46:04.610" endtime="20220822 00:46:08.636"/>
</kw>
<kw name="Click Text" library="AppiumLibrary">
<arg>${START}</arg>
<doc>Click text identified by ``text``.</doc>
<status status="PASS" starttime="20220822 00:46:08.636" endtime="20220822 00:46:09.352"/>
</kw>
<status status="PASS" starttime="20220822 00:46:04.610" endtime="20220822 00:46:09.352"/>
</kw>
<status status="PASS" starttime="20220822 00:45:51.185" endtime="20220822 00:46:09.353"/>
</kw>
<kw name="Go To Checkbox" library="helpers">
<kw name="Go To INPUTS" library="helpers" sourcename="Go To ${ELEMENT}">
<kw name="Open Nav" library="helpers">
<kw name="Wait Until Element Is Visible" library="AppiumLibrary">
<arg>${MENU_HAMBURGUER}</arg>
<doc>Waits until element specified with `locator` is visible.</doc>
<status status="PASS" starttime="20220822 00:46:09.359" endtime="20220822 00:46:10.608"/>
</kw>
<kw name="Click Element" library="AppiumLibrary">
<arg>${MENU_HAMBURGUER}</arg>
<doc>Click element identified by `locator`.</doc>
<msg timestamp="20220822 00:46:10.610" level="INFO">Clicking element 'xpath=//android.widget.ImageButton[@content-desc="Open navigation drawer"]'.</msg>
<status status="PASS" starttime="20220822 00:46:10.608" endtime="20220822 00:46:10.721"/>
</kw>
<kw name="Wait Until Element Is Visible" library="AppiumLibrary">
<arg>${NAV_VIEW}</arg>
<doc>Waits until element specified with `locator` is visible.</doc>
<status status="PASS" starttime="20220822 00:46:10.721" endtime="20220822 00:46:11.671"/>
</kw>
<status status="PASS" starttime="20220822 00:46:09.359" endtime="20220822 00:46:11.671"/>
</kw>
<kw name="Click Text" library="AppiumLibrary">
<arg>${ELEMENT}</arg>
<doc>Click text identified by ``text``.</doc>
<status status="PASS" starttime="20220822 00:46:11.671" endtime="20220822 00:46:11.873"/>
</kw>
<kw name="Wait Until Page Contains" library="AppiumLibrary">
<arg>${ELEMENT}</arg>
<doc>Waits until `text` appears on current page.</doc>
<status status="PASS" starttime="20220822 00:46:11.873" endtime="20220822 00:46:12.322"/>
</kw>
<status status="PASS" starttime="20220822 00:46:09.359" endtime="20220822 00:46:12.322"/>
</kw>
<kw name="Click Text" library="AppiumLibrary">
<arg>CHECKBOX</arg>
<doc>Click text identified by ``text``.</doc>
<status status="PASS" starttime="20220822 00:46:12.322" endtime="20220822 00:46:12.904"/>
</kw>
<kw name="Wait Until Page Contains" library="AppiumLibrary">
<arg>Marque as techs que usam Appium</arg>
<doc>Waits until `text` appears on current page.</doc>
<status status="PASS" starttime="20220822 00:46:12.904" endtime="20220822 00:46:13.875"/>
</kw>
<status status="PASS" starttime="20220822 00:46:09.358" endtime="20220822 00:46:13.875"/>
</kw>
<kw name="Click Element" library="AppiumLibrary">
<arg>${CHECKPYTHON}</arg>
<doc>Click element identified by `locator`.</doc>
<msg timestamp="20220822 00:46:13.878" level="INFO">Clicking element 'xpath=//android.widget.CheckBox[contains(@text,'Python')]'.</msg>
<status status="PASS" starttime="20220822 00:46:13.876" endtime="20220822 00:46:13.989"/>
</kw>
<kw name="Wait Until Element Is Visible" library="AppiumLibrary">
<arg>id=io.qaninja.android.twp:id/rvContainer</arg>
<doc>Waits until element specified with `locator` is visible.</doc>
<status status="PASS" starttime="20220822 00:46:13.990" endtime="20220822 00:46:14.894"/>
</kw>
<kw name="Element Attribute Should Match" library="AppiumLibrary">
<arg>${CHECKPYTHON}</arg>
<arg>checked</arg>
<arg>true</arg>
<doc>Verify that an attribute of an element matches the expected criteria.</doc>
<msg timestamp="20220822 00:46:14.986" level="INFO">Element 'xpath=//android.widget.CheckBox[contains(@text,'Python')]' attribute 'checked' is 'true' </msg>
<status status="PASS" starttime="20220822 00:46:14.896" endtime="20220822 00:46:14.986"/>
</kw>
<kw name="Close Session" library="base" type="TEARDOWN">
<kw name="Capture Page Screenshot" library="AppiumLibrary">
<doc>Takes a screenshot of the current page and embeds it into the log.</doc>
<msg timestamp="20220822 00:46:15.259" level="INFO" html="true">&lt;/td&gt;&lt;/tr&gt;&lt;tr&gt;&lt;td colspan="3"&gt;&lt;a href="appium-screenshot-3.png"&gt;&lt;img src="appium-screenshot-3.png" width="800px"&gt;&lt;/a&gt;</msg>
<status status="PASS" starttime="20220822 00:46:14.987" endtime="20220822 00:46:15.259"/>
</kw>
<kw name="Close Application" library="AppiumLibrary">
<doc>Closes the current application and also close webdriver session.</doc>
<status status="PASS" starttime="20220822 00:46:15.260" endtime="20220822 00:46:15.988"/>
</kw>
<status status="PASS" starttime="20220822 00:46:14.987" endtime="20220822 00:46:15.988"/>
</kw>
<status status="PASS" starttime="20220822 00:45:51.183" endtime="20220822 00:46:15.988"/>
</test>
<status status="PASS" starttime="20220822 00:45:51.177" endtime="20220822 00:46:15.991"/>
</suite>
<suite id="s1-s3" name="Drag-Drop" source="C:\qacademy\twp\tests\drag-drop.robot">
<test id="s1-s3-t1" name="Deve mover o Hulk para primeira posição" line="11">
<kw name="Open Session" library="base" type="SETUP">
<kw name="Set Appium Timeout" library="AppiumLibrary">
<arg>5</arg>
<doc>Sets the timeout in seconds used by various keywords.</doc>
<status status="PASS" starttime="20220822 00:46:16.004" endtime="20220822 00:46:16.004"/>
</kw>
<kw name="Open Application" library="AppiumLibrary">
<arg>http://localhost:4723/wd/hub</arg>
<arg>automationName=UiAutomator2</arg>
<arg>platformName=Android</arg>
<arg>deviceName=Android Emulator</arg>
<arg>app=${EXECDIR}/app/twp.apk</arg>
<doc>Opens a new application to given Appium server.
Capabilities of appium server, Android and iOS,
Please check https://github.com/appium/appium/blob/master/docs/en/writing-running-appium/server-args.md
| *Option*            | *Man.* | *Description*     |
| remote_url          | Yes    | Appium server url |
| alias               | no     | alias             |</doc>
<status status="PASS" starttime="20220822 00:46:16.004" endtime="20220822 00:46:29.339"/>
</kw>
<kw name="Get Started" library="helpers">
<kw name="Wait Until Page Contains" library="AppiumLibrary">
<arg>${START}</arg>
<doc>Waits until `text` appears on current page.</doc>
<status status="PASS" starttime="20220822 00:46:29.339" endtime="20220822 00:46:33.592"/>
</kw>
<kw name="Click Text" library="AppiumLibrary">
<arg>${START}</arg>
<doc>Click text identified by ``text``.</doc>
<status status="PASS" starttime="20220822 00:46:33.592" endtime="20220822 00:46:34.293"/>
</kw>
<status status="PASS" starttime="20220822 00:46:29.339" endtime="20220822 00:46:34.293"/>
</kw>
<status status="PASS" starttime="20220822 00:46:16.003" endtime="20220822 00:46:34.294"/>
</kw>
<kw name="Go To List Avengers" library="helpers">
<kw name="Go To AVENGERS" library="helpers" sourcename="Go To ${ELEMENT}">
<kw name="Open Nav" library="helpers">
<kw name="Wait Until Element Is Visible" library="AppiumLibrary">
<arg>${MENU_HAMBURGUER}</arg>
<doc>Waits until element specified with `locator` is visible.</doc>
<status status="PASS" starttime="20220822 00:46:34.297" endtime="20220822 00:46:35.525"/>
</kw>
<kw name="Click Element" library="AppiumLibrary">
<arg>${MENU_HAMBURGUER}</arg>
<doc>Click element identified by `locator`.</doc>
<msg timestamp="20220822 00:46:35.526" level="INFO">Clicking element 'xpath=//android.widget.ImageButton[@content-desc="Open navigation drawer"]'.</msg>
<status status="PASS" starttime="20220822 00:46:35.525" endtime="20220822 00:46:35.637"/>
</kw>
<kw name="Wait Until Element Is Visible" library="AppiumLibrary">
<arg>${NAV_VIEW}</arg>
<doc>Waits until element specified with `locator` is visible.</doc>
<status status="PASS" starttime="20220822 00:46:35.638" endtime="20220822 00:46:36.588"/>
</kw>
<status status="PASS" starttime="20220822 00:46:34.296" endtime="20220822 00:46:36.588"/>
</kw>
<kw name="Click Text" library="AppiumLibrary">
<arg>${ELEMENT}</arg>
<doc>Click text identified by ``text``.</doc>
<status status="PASS" starttime="20220822 00:46:36.588" endtime="20220822 00:46:36.758"/>
</kw>
<kw name="Wait Until Page Contains" library="AppiumLibrary">
<arg>${ELEMENT}</arg>
<doc>Waits until `text` appears on current page.</doc>
<status status="PASS" starttime="20220822 00:46:36.758" endtime="20220822 00:46:37.096"/>
</kw>
<status status="PASS" starttime="20220822 00:46:34.296" endtime="20220822 00:46:37.096"/>
</kw>
<kw name="Wait Until Page Contains" library="AppiumLibrary">
<arg>AVENGERS</arg>
<doc>Waits until `text` appears on current page.</doc>
<status status="PASS" starttime="20220822 00:46:37.097" endtime="20220822 00:46:37.784"/>
</kw>
<kw name="Click Text" library="AppiumLibrary">
<arg>LISTA</arg>
<doc>Click text identified by ``text``.</doc>
<status status="PASS" starttime="20220822 00:46:37.784" endtime="20220822 00:46:37.898"/>
</kw>
<kw name="Wait Until Page Contains" library="AppiumLibrary">
<arg>LISTA</arg>
<doc>Waits until `text` appears on current page.</doc>
<status status="PASS" starttime="20220822 00:46:37.899" endtime="20220822 00:46:38.992"/>
</kw>
<status status="PASS" starttime="20220822 00:46:34.296" endtime="20220822 00:46:38.992"/>
</kw>
<kw name="Drag And Drop" library="extend">
<arg>io.qaninja.android.twp:id/drag_handle</arg>
<arg>3</arg>
<arg>0</arg>
<status status="PASS" starttime="20220822 00:46:38.993" endtime="20220822 00:46:50.201"/>
</kw>
<kw name="Close Session" library="base" type="TEARDOWN">
<kw name="Capture Page Screenshot" library="AppiumLibrary">
<doc>Takes a screenshot of the current page and embeds it into the log.</doc>
<msg timestamp="20220822 00:46:50.525" level="INFO" html="true">&lt;/td&gt;&lt;/tr&gt;&lt;tr&gt;&lt;td colspan="3"&gt;&lt;a href="appium-screenshot-4.png"&gt;&lt;img src="appium-screenshot-4.png" width="800px"&gt;&lt;/a&gt;</msg>
<status status="PASS" starttime="20220822 00:46:50.202" endtime="20220822 00:46:50.526"/>
</kw>
<kw name="Close Application" library="AppiumLibrary">
<doc>Closes the current application and also close webdriver session.</doc>
<status status="PASS" starttime="20220822 00:46:50.526" endtime="20220822 00:46:51.275"/>
</kw>
<status status="PASS" starttime="20220822 00:46:50.202" endtime="20220822 00:46:51.275"/>
</kw>
<status status="PASS" starttime="20220822 00:46:16.003" endtime="20220822 00:46:51.275"/>
</test>
<status status="PASS" starttime="20220822 00:46:15.994" endtime="20220822 00:46:51.278"/>
</suite>
<suite id="s1-s4" name="Home" source="C:\qacademy\twp\tests\home.robot">
<test id="s1-s4-t1" name="Deve abrir a tela principal" line="6">
<kw name="Open Application" library="AppiumLibrary">
<arg>http://localhost:4723/wd/hub</arg>
<arg>automationName=UiAutomator2</arg>
<arg>platformName=Android</arg>
<arg>deviceName=Android Emulator</arg>
<arg>app=${EXECDIR}/app/twp.apk</arg>
<doc>Opens a new application to given Appium server.
Capabilities of appium server, Android and iOS,
Please check https://github.com/appium/appium/blob/master/docs/en/writing-running-appium/server-args.md
| *Option*            | *Man.* | *Description*     |
| remote_url          | Yes    | Appium server url |
| alias               | no     | alias             |</doc>
<status status="PASS" starttime="20220822 00:46:51.287" endtime="20220822 00:47:04.829"/>
</kw>
<kw name="Wait Until Page Contains" library="AppiumLibrary">
<arg>Training Wheels Protocol</arg>
<arg>5</arg>
<doc>Waits until `text` appears on current page.</doc>
<status status="PASS" starttime="20220822 00:47:04.830" endtime="20220822 00:47:08.917"/>
</kw>
<kw name="Wait Until Page Contains" library="AppiumLibrary">
<arg>Mobile Version</arg>
<doc>Waits until `text` appears on current page.</doc>
<status status="PASS" starttime="20220822 00:47:08.917" endtime="20220822 00:47:09.018"/>
</kw>
<kw name="Close Application" library="AppiumLibrary">
<doc>Closes the current application and also close webdriver session.</doc>
<status status="PASS" starttime="20220822 00:47:09.019" endtime="20220822 00:47:09.663"/>
</kw>
<status status="PASS" starttime="20220822 00:46:51.286" endtime="20220822 00:47:09.664"/>
</test>
<status status="PASS" starttime="20220822 00:46:51.280" endtime="20220822 00:47:09.666"/>
</suite>
<suite id="s1-s5" name="Login" source="C:\qacademy\twp\tests\login.robot">
<test id="s1-s5-t1" name="Deve logar com sucesso" line="15">
<kw name="Open Session" library="base" type="SETUP">
<kw name="Set Appium Timeout" library="AppiumLibrary">
<arg>5</arg>
<doc>Sets the timeout in seconds used by various keywords.</doc>
<status status="PASS" starttime="20220822 00:47:09.674" endtime="20220822 00:47:09.675"/>
</kw>
<kw name="Open Application" library="AppiumLibrary">
<arg>http://localhost:4723/wd/hub</arg>
<arg>automationName=UiAutomator2</arg>
<arg>platformName=Android</arg>
<arg>deviceName=Android Emulator</arg>
<arg>app=${EXECDIR}/app/twp.apk</arg>
<doc>Opens a new application to given Appium server.
Capabilities of appium server, Android and iOS,
Please check https://github.com/appium/appium/blob/master/docs/en/writing-running-appium/server-args.md
| *Option*            | *Man.* | *Description*     |
| remote_url          | Yes    | Appium server url |
| alias               | no     | alias             |</doc>
<status status="PASS" starttime="20220822 00:47:09.675" endtime="20220822 00:47:23.339"/>
</kw>
<kw name="Get Started" library="helpers">
<kw name="Wait Until Page Contains" library="AppiumLibrary">
<arg>${START}</arg>
<doc>Waits until `text` appears on current page.</doc>
<status status="PASS" starttime="20220822 00:47:23.340" endtime="20220822 00:47:27.346"/>
</kw>
<kw name="Click Text" library="AppiumLibrary">
<arg>${START}</arg>
<doc>Click text identified by ``text``.</doc>
<status status="PASS" starttime="20220822 00:47:27.346" endtime="20220822 00:47:28.007"/>
</kw>
<status status="PASS" starttime="20220822 00:47:23.340" endtime="20220822 00:47:28.007"/>
</kw>
<status status="PASS" starttime="20220822 00:47:09.674" endtime="20220822 00:47:28.007"/>
</kw>
<kw name="Go To Login Form" library="helpers">
<kw name="Go To FORMS" library="helpers" sourcename="Go To ${ELEMENT}">
<kw name="Open Nav" library="helpers">
<kw name="Wait Until Element Is Visible" library="AppiumLibrary">
<arg>${MENU_HAMBURGUER}</arg>
<doc>Waits until element specified with `locator` is visible.</doc>
<status status="PASS" starttime="20220822 00:47:28.009" endtime="20220822 00:47:29.246"/>
</kw>
<kw name="Click Element" library="AppiumLibrary">
<arg>${MENU_HAMBURGUER}</arg>
<doc>Click element identified by `locator`.</doc>
<msg timestamp="20220822 00:47:29.247" level="INFO">Clicking element 'xpath=//android.widget.ImageButton[@content-desc="Open navigation drawer"]'.</msg>
<status status="PASS" starttime="20220822 00:47:29.246" endtime="20220822 00:47:29.354"/>
</kw>
<kw name="Wait Until Element Is Visible" library="AppiumLibrary">
<arg>${NAV_VIEW}</arg>
<doc>Waits until element specified with `locator` is visible.</doc>
<status status="PASS" starttime="20220822 00:47:29.354" endtime="20220822 00:47:30.304"/>
</kw>
<status status="PASS" starttime="20220822 00:47:28.009" endtime="20220822 00:47:30.304"/>
</kw>
<kw name="Click Text" library="AppiumLibrary">
<arg>${ELEMENT}</arg>
<doc>Click text identified by ``text``.</doc>
<status status="PASS" starttime="20220822 00:47:30.305" endtime="20220822 00:47:30.489"/>
</kw>
<kw name="Wait Until Page Contains" library="AppiumLibrary">
<arg>${ELEMENT}</arg>
<doc>Waits until `text` appears on current page.</doc>
<status status="PASS" starttime="20220822 00:47:30.489" endtime="20220822 00:47:30.857"/>
</kw>
<status status="PASS" starttime="20220822 00:47:28.008" endtime="20220822 00:47:30.857"/>
</kw>
<kw name="Click Text" library="AppiumLibrary">
<arg>LOGIN</arg>
<doc>Click text identified by ``text``.</doc>
<status status="PASS" starttime="20220822 00:47:30.858" endtime="20220822 00:47:31.517"/>
</kw>
<kw name="Wait Until Page Contains" library="AppiumLibrary">
<arg>Fala QA, vamos testar o login?</arg>
<doc>Waits until `text` appears on current page.</doc>
<status status="PASS" starttime="20220822 00:47:31.517" endtime="20220822 00:47:32.508"/>
</kw>
<status status="PASS" starttime="20220822 00:47:28.008" endtime="20220822 00:47:32.509"/>
</kw>
<kw name="Input Text" library="AppiumLibrary">
<arg>${EMAIL}</arg>
<arg>eu@papito.io</arg>
<doc>Types the given `text` into text field identified by `locator`.</doc>
<msg timestamp="20220822 00:47:32.511" level="INFO">Typing text 'eu@papito.io' into text field 'id=io.qaninja.android.twp:id/etEmail'</msg>
<status status="PASS" starttime="20220822 00:47:32.509" endtime="20220822 00:47:33.070"/>
</kw>
<kw name="Input Text" library="AppiumLibrary">
<arg>${PASSWORD}</arg>
<arg>qaninja</arg>
<doc>Types the given `text` into text field identified by `locator`.</doc>
<msg timestamp="20220822 00:47:33.073" level="INFO">Typing text 'qaninja' into text field 'id=io.qaninja.android.twp:id/etPassword'</msg>
<status status="PASS" starttime="20220822 00:47:33.071" endtime="20220822 00:47:34.130"/>
</kw>
<kw name="Click Element" library="AppiumLibrary">
<arg>${SUBMIT}</arg>
<doc>Click element identified by `locator`.</doc>
<msg timestamp="20220822 00:47:34.133" level="INFO">Clicking element 'id=io.qaninja.android.twp:id/btnSubmit'.</msg>
<status status="PASS" starttime="20220822 00:47:34.131" endtime="20220822 00:47:34.669"/>
</kw>
<kw name="Wait Until Page Contains" library="AppiumLibrary">
<arg>Show! Suas credenciais são validas.</arg>
<doc>Waits until `text` appears on current page.</doc>
<status status="PASS" starttime="20220822 00:47:34.669" endtime="20220822 00:47:34.892"/>
</kw>
<kw name="Close Session" library="base" type="TEARDOWN">
<kw name="Capture Page Screenshot" library="AppiumLibrary">
<doc>Takes a screenshot of the current page and embeds it into the log.</doc>
<msg timestamp="20220822 00:47:35.260" level="INFO" html="true">&lt;/td&gt;&lt;/tr&gt;&lt;tr&gt;&lt;td colspan="3"&gt;&lt;a href="appium-screenshot-5.png"&gt;&lt;img src="appium-screenshot-5.png" width="800px"&gt;&lt;/a&gt;</msg>
<status status="PASS" starttime="20220822 00:47:34.893" endtime="20220822 00:47:35.260"/>
</kw>
<kw name="Close Application" library="AppiumLibrary">
<doc>Closes the current application and also close webdriver session.</doc>
<status status="PASS" starttime="20220822 00:47:35.260" endtime="20220822 00:47:36.207"/>
</kw>
<status status="PASS" starttime="20220822 00:47:34.893" endtime="20220822 00:47:36.207"/>
</kw>
<status status="PASS" starttime="20220822 00:47:09.674" endtime="20220822 00:47:36.208"/>
</test>
<status status="PASS" starttime="20220822 00:47:09.668" endtime="20220822 00:47:36.210"/>
</suite>
<suite id="s1-s6" name="Nav" source="C:\qacademy\twp\tests\nav.robot">
<test id="s1-s6-t1" name="Deve acessar a tela DIALOGS" line="12">
<kw name="Open Session" library="base" type="SETUP">
<kw name="Set Appium Timeout" library="AppiumLibrary">
<arg>5</arg>
<doc>Sets the timeout in seconds used by various keywords.</doc>
<status status="PASS" starttime="20220822 00:47:36.223" endtime="20220822 00:47:36.223"/>
</kw>
<kw name="Open Application" library="AppiumLibrary">
<arg>http://localhost:4723/wd/hub</arg>
<arg>automationName=UiAutomator2</arg>
<arg>platformName=Android</arg>
<arg>deviceName=Android Emulator</arg>
<arg>app=${EXECDIR}/app/twp.apk</arg>
<doc>Opens a new application to given Appium server.
Capabilities of appium server, Android and iOS,
Please check https://github.com/appium/appium/blob/master/docs/en/writing-running-appium/server-args.md
| *Option*            | *Man.* | *Description*     |
| remote_url          | Yes    | Appium server url |
| alias               | no     | alias             |</doc>
<status status="PASS" starttime="20220822 00:47:36.223" endtime="20220822 00:47:49.969"/>
</kw>
<kw name="Get Started" library="helpers">
<kw name="Wait Until Page Contains" library="AppiumLibrary">
<arg>${START}</arg>
<doc>Waits until `text` appears on current page.</doc>
<status status="PASS" starttime="20220822 00:47:49.969" endtime="20220822 00:47:54.031"/>
</kw>
<kw name="Click Text" library="AppiumLibrary">
<arg>${START}</arg>
<doc>Click text identified by ``text``.</doc>
<status status="PASS" starttime="20220822 00:47:54.031" endtime="20220822 00:47:54.685"/>
</kw>
<status status="PASS" starttime="20220822 00:47:49.969" endtime="20220822 00:47:54.685"/>
</kw>
<status status="PASS" starttime="20220822 00:47:36.222" endtime="20220822 00:47:54.685"/>
</kw>
<kw name="Open Nav" library="helpers">
<kw name="Wait Until Element Is Visible" library="AppiumLibrary">
<arg>${MENU_HAMBURGUER}</arg>
<doc>Waits until element specified with `locator` is visible.</doc>
<status status="PASS" starttime="20220822 00:47:54.687" endtime="20220822 00:47:55.926"/>
</kw>
<kw name="Click Element" library="AppiumLibrary">
<arg>${MENU_HAMBURGUER}</arg>
<doc>Click element identified by `locator`.</doc>
<msg timestamp="20220822 00:47:55.928" level="INFO">Clicking element 'xpath=//android.widget.ImageButton[@content-desc="Open navigation drawer"]'.</msg>
<status status="PASS" starttime="20220822 00:47:55.926" endtime="20220822 00:47:56.046"/>
</kw>
<kw name="Wait Until Element Is Visible" library="AppiumLibrary">
<arg>${NAV_VIEW}</arg>
<doc>Waits until element specified with `locator` is visible.</doc>
<status status="PASS" starttime="20220822 00:47:56.047" endtime="20220822 00:47:57.045"/>
</kw>
<status status="PASS" starttime="20220822 00:47:54.686" endtime="20220822 00:47:57.045"/>
</kw>
<kw name="Click Text" library="AppiumLibrary">
<arg>DIALOGS</arg>
<doc>Click text identified by ``text``.</doc>
<status status="PASS" starttime="20220822 00:47:57.046" endtime="20220822 00:47:57.222"/>
</kw>
<kw name="Wait Until Element Is Visible" library="AppiumLibrary">
<arg>${TOOLBAR_TITLE}</arg>
<doc>Waits until element specified with `locator` is visible.</doc>
<status status="PASS" starttime="20220822 00:47:57.223" endtime="20220822 00:47:58.147"/>
</kw>
<kw name="Element Text Should Be" library="AppiumLibrary">
<arg>${TOOLBAR_TITLE}</arg>
<arg>DIALOGS</arg>
<doc>Verifies element identified by ``locator`` exactly contains text ``expected``.</doc>
<msg timestamp="20220822 00:47:58.149" level="INFO">Verifying element 'id=io.qaninja.android.twp:id/toolbarTitle' contains exactly text 'DIALOGS'.</msg>
<status status="PASS" starttime="20220822 00:47:58.148" endtime="20220822 00:47:58.188"/>
</kw>
<kw name="Close Session" library="base" type="TEARDOWN">
<kw name="Capture Page Screenshot" library="AppiumLibrary">
<doc>Takes a screenshot of the current page and embeds it into the log.</doc>
<msg timestamp="20220822 00:47:58.464" level="INFO" html="true">&lt;/td&gt;&lt;/tr&gt;&lt;tr&gt;&lt;td colspan="3"&gt;&lt;a href="appium-screenshot-6.png"&gt;&lt;img src="appium-screenshot-6.png" width="800px"&gt;&lt;/a&gt;</msg>
<status status="PASS" starttime="20220822 00:47:58.189" endtime="20220822 00:47:58.464"/>
</kw>
<kw name="Close Application" library="AppiumLibrary">
<doc>Closes the current application and also close webdriver session.</doc>
<status status="PASS" starttime="20220822 00:47:58.464" endtime="20220822 00:47:59.134"/>
</kw>
<status status="PASS" starttime="20220822 00:47:58.189" endtime="20220822 00:47:59.134"/>
</kw>
<status status="PASS" starttime="20220822 00:47:36.222" endtime="20220822 00:47:59.135"/>
</test>
<test id="s1-s6-t2" name="Deve acessar a tela FORMS" line="19">
<kw name="Open Session" library="base" type="SETUP">
<kw name="Set Appium Timeout" library="AppiumLibrary">
<arg>5</arg>
<doc>Sets the timeout in seconds used by various keywords.</doc>
<status status="PASS" starttime="20220822 00:47:59.138" endtime="20220822 00:47:59.138"/>
</kw>
<kw name="Open Application" library="AppiumLibrary">
<arg>http://localhost:4723/wd/hub</arg>
<arg>automationName=UiAutomator2</arg>
<arg>platformName=Android</arg>
<arg>deviceName=Android Emulator</arg>
<arg>app=${EXECDIR}/app/twp.apk</arg>
<doc>Opens a new application to given Appium server.
Capabilities of appium server, Android and iOS,
Please check https://github.com/appium/appium/blob/master/docs/en/writing-running-appium/server-args.md
| *Option*            | *Man.* | *Description*     |
| remote_url          | Yes    | Appium server url |
| alias               | no     | alias             |</doc>
<status status="PASS" starttime="20220822 00:47:59.138" endtime="20220822 00:48:12.842"/>
</kw>
<kw name="Get Started" library="helpers">
<kw name="Wait Until Page Contains" library="AppiumLibrary">
<arg>${START}</arg>
<doc>Waits until `text` appears on current page.</doc>
<status status="PASS" starttime="20220822 00:48:12.842" endtime="20220822 00:48:16.881"/>
</kw>
<kw name="Click Text" library="AppiumLibrary">
<arg>${START}</arg>
<doc>Click text identified by ``text``.</doc>
<status status="PASS" starttime="20220822 00:48:16.882" endtime="20220822 00:48:17.530"/>
</kw>
<status status="PASS" starttime="20220822 00:48:12.842" endtime="20220822 00:48:17.530"/>
</kw>
<status status="PASS" starttime="20220822 00:47:59.137" endtime="20220822 00:48:17.530"/>
</kw>
<kw name="Open Nav" library="helpers">
<kw name="Wait Until Element Is Visible" library="AppiumLibrary">
<arg>${MENU_HAMBURGUER}</arg>
<doc>Waits until element specified with `locator` is visible.</doc>
<status status="PASS" starttime="20220822 00:48:17.532" endtime="20220822 00:48:18.753"/>
</kw>
<kw name="Click Element" library="AppiumLibrary">
<arg>${MENU_HAMBURGUER}</arg>
<doc>Click element identified by `locator`.</doc>
<msg timestamp="20220822 00:48:18.755" level="INFO">Clicking element 'xpath=//android.widget.ImageButton[@content-desc="Open navigation drawer"]'.</msg>
<status status="PASS" starttime="20220822 00:48:18.754" endtime="20220822 00:48:18.862"/>
</kw>
<kw name="Wait Until Element Is Visible" library="AppiumLibrary">
<arg>${NAV_VIEW}</arg>
<doc>Waits until element specified with `locator` is visible.</doc>
<status status="PASS" starttime="20220822 00:48:18.862" endtime="20220822 00:48:19.788"/>
</kw>
<status status="PASS" starttime="20220822 00:48:17.532" endtime="20220822 00:48:19.788"/>
</kw>
<kw name="Click Text" library="AppiumLibrary">
<arg>FORMS</arg>
<doc>Click text identified by ``text``.</doc>
<status status="PASS" starttime="20220822 00:48:19.789" endtime="20220822 00:48:19.963"/>
</kw>
<kw name="Wait Until Element Is Visible" library="AppiumLibrary">
<arg>${TOOLBAR_TITLE}</arg>
<doc>Waits until element specified with `locator` is visible.</doc>
<status status="PASS" starttime="20220822 00:48:19.964" endtime="20220822 00:48:20.885"/>
</kw>
<kw name="Element Text Should Be" library="AppiumLibrary">
<arg>${TOOLBAR_TITLE}</arg>
<arg>FORMS</arg>
<doc>Verifies element identified by ``locator`` exactly contains text ``expected``.</doc>
<msg timestamp="20220822 00:48:20.888" level="INFO">Verifying element 'id=io.qaninja.android.twp:id/toolbarTitle' contains exactly text 'FORMS'.</msg>
<status status="PASS" starttime="20220822 00:48:20.886" endtime="20220822 00:48:20.928"/>
</kw>
<kw name="Close Session" library="base" type="TEARDOWN">
<kw name="Capture Page Screenshot" library="AppiumLibrary">
<doc>Takes a screenshot of the current page and embeds it into the log.</doc>
<msg timestamp="20220822 00:48:21.225" level="INFO" html="true">&lt;/td&gt;&lt;/tr&gt;&lt;tr&gt;&lt;td colspan="3"&gt;&lt;a href="appium-screenshot-7.png"&gt;&lt;img src="appium-screenshot-7.png" width="800px"&gt;&lt;/a&gt;</msg>
<status status="PASS" starttime="20220822 00:48:20.930" endtime="20220822 00:48:21.226"/>
</kw>
<kw name="Close Application" library="AppiumLibrary">
<doc>Closes the current application and also close webdriver session.</doc>
<status status="PASS" starttime="20220822 00:48:21.226" endtime="20220822 00:48:21.881"/>
</kw>
<status status="PASS" starttime="20220822 00:48:20.929" endtime="20220822 00:48:21.881"/>
</kw>
<status status="PASS" starttime="20220822 00:47:59.136" endtime="20220822 00:48:21.882"/>
</test>
<test id="s1-s6-t3" name="Deve acessar a tela AVENGERS" line="26">
<kw name="Open Session" library="base" type="SETUP">
<kw name="Set Appium Timeout" library="AppiumLibrary">
<arg>5</arg>
<doc>Sets the timeout in seconds used by various keywords.</doc>
<status status="PASS" starttime="20220822 00:48:21.885" endtime="20220822 00:48:21.885"/>
</kw>
<kw name="Open Application" library="AppiumLibrary">
<arg>http://localhost:4723/wd/hub</arg>
<arg>automationName=UiAutomator2</arg>
<arg>platformName=Android</arg>
<arg>deviceName=Android Emulator</arg>
<arg>app=${EXECDIR}/app/twp.apk</arg>
<doc>Opens a new application to given Appium server.
Capabilities of appium server, Android and iOS,
Please check https://github.com/appium/appium/blob/master/docs/en/writing-running-appium/server-args.md
| *Option*            | *Man.* | *Description*     |
| remote_url          | Yes    | Appium server url |
| alias               | no     | alias             |</doc>
<status status="PASS" starttime="20220822 00:48:21.885" endtime="20220822 00:48:35.306"/>
</kw>
<kw name="Get Started" library="helpers">
<kw name="Wait Until Page Contains" library="AppiumLibrary">
<arg>${START}</arg>
<doc>Waits until `text` appears on current page.</doc>
<status status="PASS" starttime="20220822 00:48:35.307" endtime="20220822 00:48:39.341"/>
</kw>
<kw name="Click Text" library="AppiumLibrary">
<arg>${START}</arg>
<doc>Click text identified by ``text``.</doc>
<status status="PASS" starttime="20220822 00:48:39.341" endtime="20220822 00:48:39.992"/>
</kw>
<status status="PASS" starttime="20220822 00:48:35.306" endtime="20220822 00:48:39.992"/>
</kw>
<status status="PASS" starttime="20220822 00:48:21.884" endtime="20220822 00:48:39.992"/>
</kw>
<kw name="Open Nav" library="helpers">
<kw name="Wait Until Element Is Visible" library="AppiumLibrary">
<arg>${MENU_HAMBURGUER}</arg>
<doc>Waits until element specified with `locator` is visible.</doc>
<status status="PASS" starttime="20220822 00:48:39.994" endtime="20220822 00:48:41.214"/>
</kw>
<kw name="Click Element" library="AppiumLibrary">
<arg>${MENU_HAMBURGUER}</arg>
<doc>Click element identified by `locator`.</doc>
<msg timestamp="20220822 00:48:41.216" level="INFO">Clicking element 'xpath=//android.widget.ImageButton[@content-desc="Open navigation drawer"]'.</msg>
<status status="PASS" starttime="20220822 00:48:41.214" endtime="20220822 00:48:41.324"/>
</kw>
<kw name="Wait Until Element Is Visible" library="AppiumLibrary">
<arg>${NAV_VIEW}</arg>
<doc>Waits until element specified with `locator` is visible.</doc>
<status status="PASS" starttime="20220822 00:48:41.324" endtime="20220822 00:48:42.273"/>
</kw>
<status status="PASS" starttime="20220822 00:48:39.993" endtime="20220822 00:48:42.273"/>
</kw>
<kw name="Click Text" library="AppiumLibrary">
<arg>AVENGERS</arg>
<doc>Click text identified by ``text``.</doc>
<status status="PASS" starttime="20220822 00:48:42.274" endtime="20220822 00:48:42.450"/>
</kw>
<kw name="Wait Until Element Is Visible" library="AppiumLibrary">
<arg>${TOOLBAR_TITLE}</arg>
<doc>Waits until element specified with `locator` is visible.</doc>
<status status="PASS" starttime="20220822 00:48:42.450" endtime="20220822 00:48:43.390"/>
</kw>
<kw name="Element Text Should Be" library="AppiumLibrary">
<arg>${TOOLBAR_TITLE}</arg>
<arg>AVENGERS</arg>
<doc>Verifies element identified by ``locator`` exactly contains text ``expected``.</doc>
<msg timestamp="20220822 00:48:43.394" level="INFO">Verifying element 'id=io.qaninja.android.twp:id/toolbarTitle' contains exactly text 'AVENGERS'.</msg>
<status status="PASS" starttime="20220822 00:48:43.391" endtime="20220822 00:48:43.433"/>
</kw>
<kw name="Close Session" library="base" type="TEARDOWN">
<kw name="Capture Page Screenshot" library="AppiumLibrary">
<doc>Takes a screenshot of the current page and embeds it into the log.</doc>
<msg timestamp="20220822 00:48:43.728" level="INFO" html="true">&lt;/td&gt;&lt;/tr&gt;&lt;tr&gt;&lt;td colspan="3"&gt;&lt;a href="appium-screenshot-8.png"&gt;&lt;img src="appium-screenshot-8.png" width="800px"&gt;&lt;/a&gt;</msg>
<status status="PASS" starttime="20220822 00:48:43.435" endtime="20220822 00:48:43.728"/>
</kw>
<kw name="Close Application" library="AppiumLibrary">
<doc>Closes the current application and also close webdriver session.</doc>
<status status="PASS" starttime="20220822 00:48:43.728" endtime="20220822 00:48:44.264"/>
</kw>
<status status="PASS" starttime="20220822 00:48:43.434" endtime="20220822 00:48:44.265"/>
</kw>
<status status="PASS" starttime="20220822 00:48:21.884" endtime="20220822 00:48:44.265"/>
</test>
<status status="PASS" starttime="20220822 00:47:36.213" endtime="20220822 00:48:44.267"/>
</suite>
<suite id="s1-s7" name="Radio" source="C:\qacademy\twp\tests\radio.robot">
<test id="s1-s7-t1" name="Deve selecionar o radiobutton Python" line="13">
<kw name="Open Session" library="base" type="SETUP">
<kw name="Set Appium Timeout" library="AppiumLibrary">
<arg>5</arg>
<doc>Sets the timeout in seconds used by various keywords.</doc>
<status status="PASS" starttime="20220822 00:48:44.276" endtime="20220822 00:48:44.277"/>
</kw>
<kw name="Open Application" library="AppiumLibrary">
<arg>http://localhost:4723/wd/hub</arg>
<arg>automationName=UiAutomator2</arg>
<arg>platformName=Android</arg>
<arg>deviceName=Android Emulator</arg>
<arg>app=${EXECDIR}/app/twp.apk</arg>
<doc>Opens a new application to given Appium server.
Capabilities of appium server, Android and iOS,
Please check https://github.com/appium/appium/blob/master/docs/en/writing-running-appium/server-args.md
| *Option*            | *Man.* | *Description*     |
| remote_url          | Yes    | Appium server url |
| alias               | no     | alias             |</doc>
<status status="PASS" starttime="20220822 00:48:44.277" endtime="20220822 00:48:57.751"/>
</kw>
<kw name="Get Started" library="helpers">
<kw name="Wait Until Page Contains" library="AppiumLibrary">
<arg>${START}</arg>
<doc>Waits until `text` appears on current page.</doc>
<status status="PASS" starttime="20220822 00:48:57.752" endtime="20220822 00:49:01.835"/>
</kw>
<kw name="Click Text" library="AppiumLibrary">
<arg>${START}</arg>
<doc>Click text identified by ``text``.</doc>
<status status="PASS" starttime="20220822 00:49:01.835" endtime="20220822 00:49:02.477"/>
</kw>
<status status="PASS" starttime="20220822 00:48:57.751" endtime="20220822 00:49:02.477"/>
</kw>
<status status="PASS" starttime="20220822 00:48:44.276" endtime="20220822 00:49:02.477"/>
</kw>
<kw name="Go To Radio Buttons" library="helpers">
<kw name="Go To INPUTS" library="helpers" sourcename="Go To ${ELEMENT}">
<kw name="Open Nav" library="helpers">
<kw name="Wait Until Element Is Visible" library="AppiumLibrary">
<arg>${MENU_HAMBURGUER}</arg>
<doc>Waits until element specified with `locator` is visible.</doc>
<status status="PASS" starttime="20220822 00:49:02.480" endtime="20220822 00:49:03.742"/>
</kw>
<kw name="Click Element" library="AppiumLibrary">
<arg>${MENU_HAMBURGUER}</arg>
<doc>Click element identified by `locator`.</doc>
<msg timestamp="20220822 00:49:03.744" level="INFO">Clicking element 'xpath=//android.widget.ImageButton[@content-desc="Open navigation drawer"]'.</msg>
<status status="PASS" starttime="20220822 00:49:03.742" endtime="20220822 00:49:03.851"/>
</kw>
<kw name="Wait Until Element Is Visible" library="AppiumLibrary">
<arg>${NAV_VIEW}</arg>
<doc>Waits until element specified with `locator` is visible.</doc>
<status status="PASS" starttime="20220822 00:49:03.851" endtime="20220822 00:49:04.798"/>
</kw>
<status status="PASS" starttime="20220822 00:49:02.480" endtime="20220822 00:49:04.798"/>
</kw>
<kw name="Click Text" library="AppiumLibrary">
<arg>${ELEMENT}</arg>
<doc>Click text identified by ``text``.</doc>
<status status="PASS" starttime="20220822 00:49:04.798" endtime="20220822 00:49:04.974"/>
</kw>
<kw name="Wait Until Page Contains" library="AppiumLibrary">
<arg>${ELEMENT}</arg>
<doc>Waits until `text` appears on current page.</doc>
<status status="PASS" starttime="20220822 00:49:04.974" endtime="20220822 00:49:05.388"/>
</kw>
<status status="PASS" starttime="20220822 00:49:02.479" endtime="20220822 00:49:05.388"/>
</kw>
<kw name="Click Text" library="AppiumLibrary">
<arg>BOTÕES DE RADIO</arg>
<doc>Click text identified by ``text``.</doc>
<status status="PASS" starttime="20220822 00:49:05.388" endtime="20220822 00:49:06.012"/>
</kw>
<kw name="Wait Until Page Contains" library="AppiumLibrary">
<arg>Escolha sua linguagem preferida</arg>
<doc>Waits until `text` appears on current page.</doc>
<status status="PASS" starttime="20220822 00:49:06.012" endtime="20220822 00:49:06.949"/>
</kw>
<status status="PASS" starttime="20220822 00:49:02.479" endtime="20220822 00:49:06.949"/>
</kw>
<kw name="Click Element" library="AppiumLibrary">
<arg>${RADIOPYTHON}</arg>
<doc>Click element identified by `locator`.</doc>
<msg timestamp="20220822 00:49:06.952" level="INFO">Clicking element 'xpath=//android.widget.RadioButton[contains(@text,'Python')]'.</msg>
<status status="PASS" starttime="20220822 00:49:06.950" endtime="20220822 00:49:07.061"/>
</kw>
<kw name="Wait Until Element Is Visible" library="AppiumLibrary">
<arg>${RADIOPYTHON}</arg>
<doc>Waits until element specified with `locator` is visible.</doc>
<status status="PASS" starttime="20220822 00:49:07.062" endtime="20220822 00:49:07.684"/>
</kw>
<kw name="Element Attribute Should Match" library="AppiumLibrary">
<arg>${RADIOPYTHON}</arg>
<arg>checked</arg>
<arg>true</arg>
<doc>Verify that an attribute of an element matches the expected criteria.</doc>
<msg timestamp="20220822 00:49:07.803" level="INFO">Element 'xpath=//android.widget.RadioButton[contains(@text,'Python')]' attribute 'checked' is 'true' </msg>
<status status="PASS" starttime="20220822 00:49:07.685" endtime="20220822 00:49:07.803"/>
</kw>
<kw name="Close Session" library="base" type="TEARDOWN">
<kw name="Capture Page Screenshot" library="AppiumLibrary">
<doc>Takes a screenshot of the current page and embeds it into the log.</doc>
<msg timestamp="20220822 00:49:08.095" level="INFO" html="true">&lt;/td&gt;&lt;/tr&gt;&lt;tr&gt;&lt;td colspan="3"&gt;&lt;a href="appium-screenshot-9.png"&gt;&lt;img src="appium-screenshot-9.png" width="800px"&gt;&lt;/a&gt;</msg>
<status status="PASS" starttime="20220822 00:49:07.804" endtime="20220822 00:49:08.095"/>
</kw>
<kw name="Close Application" library="AppiumLibrary">
<doc>Closes the current application and also close webdriver session.</doc>
<status status="PASS" starttime="20220822 00:49:08.095" endtime="20220822 00:49:08.801"/>
</kw>
<status status="PASS" starttime="20220822 00:49:07.803" endtime="20220822 00:49:08.802"/>
</kw>
<status status="PASS" starttime="20220822 00:48:44.276" endtime="20220822 00:49:08.803"/>
</test>
<status status="PASS" starttime="20220822 00:48:44.269" endtime="20220822 00:49:08.805"/>
</suite>
<suite id="s1-s8" name="Spinner" source="C:\qacademy\twp\tests\spinner.robot">
<test id="s1-s8-t1" name="Deve selecionar o perfil QA no formulário de cadastro" line="13">
<kw name="Open Session" library="base" type="SETUP">
<kw name="Set Appium Timeout" library="AppiumLibrary">
<arg>5</arg>
<doc>Sets the timeout in seconds used by various keywords.</doc>
<status status="PASS" starttime="20220822 00:49:08.818" endtime="20220822 00:49:08.818"/>
</kw>
<kw name="Open Application" library="AppiumLibrary">
<arg>http://localhost:4723/wd/hub</arg>
<arg>automationName=UiAutomator2</arg>
<arg>platformName=Android</arg>
<arg>deviceName=Android Emulator</arg>
<arg>app=${EXECDIR}/app/twp.apk</arg>
<doc>Opens a new application to given Appium server.
Capabilities of appium server, Android and iOS,
Please check https://github.com/appium/appium/blob/master/docs/en/writing-running-appium/server-args.md
| *Option*            | *Man.* | *Description*     |
| remote_url          | Yes    | Appium server url |
| alias               | no     | alias             |</doc>
<status status="PASS" starttime="20220822 00:49:08.818" endtime="20220822 00:49:22.384"/>
</kw>
<kw name="Get Started" library="helpers">
<kw name="Wait Until Page Contains" library="AppiumLibrary">
<arg>${START}</arg>
<doc>Waits until `text` appears on current page.</doc>
<status status="PASS" starttime="20220822 00:49:22.385" endtime="20220822 00:49:26.527"/>
</kw>
<kw name="Click Text" library="AppiumLibrary">
<arg>${START}</arg>
<doc>Click text identified by ``text``.</doc>
<status status="PASS" starttime="20220822 00:49:26.527" endtime="20220822 00:49:27.168"/>
</kw>
<status status="PASS" starttime="20220822 00:49:22.384" endtime="20220822 00:49:27.168"/>
</kw>
<status status="PASS" starttime="20220822 00:49:08.817" endtime="20220822 00:49:27.168"/>
</kw>
<kw name="Go To SignUp Form" library="helpers">
<kw name="Go To FORMS" library="helpers" sourcename="Go To ${ELEMENT}">
<kw name="Open Nav" library="helpers">
<kw name="Wait Until Element Is Visible" library="AppiumLibrary">
<arg>${MENU_HAMBURGUER}</arg>
<doc>Waits until element specified with `locator` is visible.</doc>
<status status="PASS" starttime="20220822 00:49:27.170" endtime="20220822 00:49:28.399"/>
</kw>
<kw name="Click Element" library="AppiumLibrary">
<arg>${MENU_HAMBURGUER}</arg>
<doc>Click element identified by `locator`.</doc>
<msg timestamp="20220822 00:49:28.400" level="INFO">Clicking element 'xpath=//android.widget.ImageButton[@content-desc="Open navigation drawer"]'.</msg>
<status status="PASS" starttime="20220822 00:49:28.399" endtime="20220822 00:49:28.506"/>
</kw>
<kw name="Wait Until Element Is Visible" library="AppiumLibrary">
<arg>${NAV_VIEW}</arg>
<doc>Waits until element specified with `locator` is visible.</doc>
<status status="PASS" starttime="20220822 00:49:28.507" endtime="20220822 00:49:29.448"/>
</kw>
<status status="PASS" starttime="20220822 00:49:27.170" endtime="20220822 00:49:29.448"/>
</kw>
<kw name="Click Text" library="AppiumLibrary">
<arg>${ELEMENT}</arg>
<doc>Click text identified by ``text``.</doc>
<status status="PASS" starttime="20220822 00:49:29.448" endtime="20220822 00:49:29.612"/>
</kw>
<kw name="Wait Until Page Contains" library="AppiumLibrary">
<arg>${ELEMENT}</arg>
<doc>Waits until `text` appears on current page.</doc>
<status status="PASS" starttime="20220822 00:49:29.613" endtime="20220822 00:49:30.125"/>
</kw>
<status status="PASS" starttime="20220822 00:49:27.170" endtime="20220822 00:49:30.125"/>
</kw>
<kw name="Click Text" library="AppiumLibrary">
<arg>CADASTRO</arg>
<doc>Click text identified by ``text``.</doc>
<status status="PASS" starttime="20220822 00:49:30.125" endtime="20220822 00:49:30.635"/>
</kw>
<kw name="Wait Until Page Contains" library="AppiumLibrary">
<arg>Bem-vindo, crie sua conta.</arg>
<doc>Waits until `text` appears on current page.</doc>
<status status="PASS" starttime="20220822 00:49:30.635" endtime="20220822 00:49:31.604"/>
</kw>
<status status="PASS" starttime="20220822 00:49:27.169" endtime="20220822 00:49:31.604"/>
</kw>
<kw name="Choice Job">
<arg>QA</arg>
<kw name="Click Element" library="AppiumLibrary">
<arg>${SPINNER}</arg>
<doc>Click element identified by `locator`.</doc>
<msg timestamp="20220822 00:49:31.607" level="INFO">Clicking element 'id=io.qaninja.android.twp:id/spinnerJob'.</msg>
<status status="PASS" starttime="20220822 00:49:31.605" endtime="20220822 00:49:31.650"/>
</kw>
<kw name="Wait Until Element Is Visible" library="AppiumLibrary">
<arg>${LIST_OPTIONS}</arg>
<doc>Waits until element specified with `locator` is visible.</doc>
<status status="PASS" starttime="20220822 00:49:31.651" endtime="20220822 00:49:32.591"/>
</kw>
<kw name="Click Text" library="AppiumLibrary">
<arg>${TARGET}</arg>
<doc>Click text identified by ``text``.</doc>
<status status="PASS" starttime="20220822 00:49:32.591" endtime="20220822 00:49:33.345"/>
</kw>
<status status="PASS" starttime="20220822 00:49:31.605" endtime="20220822 00:49:33.345"/>
</kw>
<kw name="Close Session" library="base" type="TEARDOWN">
<kw name="Capture Page Screenshot" library="AppiumLibrary">
<doc>Takes a screenshot of the current page and embeds it into the log.</doc>
<msg timestamp="20220822 00:49:33.676" level="INFO" html="true">&lt;/td&gt;&lt;/tr&gt;&lt;tr&gt;&lt;td colspan="3"&gt;&lt;a href="appium-screenshot-10.png"&gt;&lt;img src="appium-screenshot-10.png" width="800px"&gt;&lt;/a&gt;</msg>
<status status="PASS" starttime="20220822 00:49:33.347" endtime="20220822 00:49:33.676"/>
</kw>
<kw name="Close Application" library="AppiumLibrary">
<doc>Closes the current application and also close webdriver session.</doc>
<status status="PASS" starttime="20220822 00:49:33.676" endtime="20220822 00:49:34.459"/>
</kw>
<status status="PASS" starttime="20220822 00:49:33.346" endtime="20220822 00:49:34.459"/>
</kw>
<status status="PASS" starttime="20220822 00:49:08.816" endtime="20220822 00:49:34.460"/>
</test>
<test id="s1-s8-t2" name="Deve selecionar o perfil DevOps no formulário de cadastro" line="17">
<kw name="Open Session" library="base" type="SETUP">
<kw name="Set Appium Timeout" library="AppiumLibrary">
<arg>5</arg>
<doc>Sets the timeout in seconds used by various keywords.</doc>
<status status="PASS" starttime="20220822 00:49:34.462" endtime="20220822 00:49:34.463"/>
</kw>
<kw name="Open Application" library="AppiumLibrary">
<arg>http://localhost:4723/wd/hub</arg>
<arg>automationName=UiAutomator2</arg>
<arg>platformName=Android</arg>
<arg>deviceName=Android Emulator</arg>
<arg>app=${EXECDIR}/app/twp.apk</arg>
<doc>Opens a new application to given Appium server.
Capabilities of appium server, Android and iOS,
Please check https://github.com/appium/appium/blob/master/docs/en/writing-running-appium/server-args.md
| *Option*            | *Man.* | *Description*     |
| remote_url          | Yes    | Appium server url |
| alias               | no     | alias             |</doc>
<status status="PASS" starttime="20220822 00:49:34.463" endtime="20220822 00:49:47.919"/>
</kw>
<kw name="Get Started" library="helpers">
<kw name="Wait Until Page Contains" library="AppiumLibrary">
<arg>${START}</arg>
<doc>Waits until `text` appears on current page.</doc>
<status status="PASS" starttime="20220822 00:49:47.919" endtime="20220822 00:49:52.036"/>
</kw>
<kw name="Click Text" library="AppiumLibrary">
<arg>${START}</arg>
<doc>Click text identified by ``text``.</doc>
<status status="PASS" starttime="20220822 00:49:52.036" endtime="20220822 00:49:52.840"/>
</kw>
<status status="PASS" starttime="20220822 00:49:47.919" endtime="20220822 00:49:52.840"/>
</kw>
<status status="PASS" starttime="20220822 00:49:34.462" endtime="20220822 00:49:52.841"/>
</kw>
<kw name="Go To SignUp Form" library="helpers">
<kw name="Go To FORMS" library="helpers" sourcename="Go To ${ELEMENT}">
<kw name="Open Nav" library="helpers">
<kw name="Wait Until Element Is Visible" library="AppiumLibrary">
<arg>${MENU_HAMBURGUER}</arg>
<doc>Waits until element specified with `locator` is visible.</doc>
<status status="PASS" starttime="20220822 00:49:52.843" endtime="20220822 00:49:54.060"/>
</kw>
<kw name="Click Element" library="AppiumLibrary">
<arg>${MENU_HAMBURGUER}</arg>
<doc>Click element identified by `locator`.</doc>
<msg timestamp="20220822 00:49:54.061" level="INFO">Clicking element 'xpath=//android.widget.ImageButton[@content-desc="Open navigation drawer"]'.</msg>
<status status="PASS" starttime="20220822 00:49:54.060" endtime="20220822 00:49:54.171"/>
</kw>
<kw name="Wait Until Element Is Visible" library="AppiumLibrary">
<arg>${NAV_VIEW}</arg>
<doc>Waits until element specified with `locator` is visible.</doc>
<status status="PASS" starttime="20220822 00:49:54.171" endtime="20220822 00:49:55.107"/>
</kw>
<status status="PASS" starttime="20220822 00:49:52.843" endtime="20220822 00:49:55.107"/>
</kw>
<kw name="Click Text" library="AppiumLibrary">
<arg>${ELEMENT}</arg>
<doc>Click text identified by ``text``.</doc>
<status status="PASS" starttime="20220822 00:49:55.108" endtime="20220822 00:49:55.296"/>
</kw>
<kw name="Wait Until Page Contains" library="AppiumLibrary">
<arg>${ELEMENT}</arg>
<doc>Waits until `text` appears on current page.</doc>
<status status="PASS" starttime="20220822 00:49:55.297" endtime="20220822 00:49:55.740"/>
</kw>
<status status="PASS" starttime="20220822 00:49:52.842" endtime="20220822 00:49:55.740"/>
</kw>
<kw name="Click Text" library="AppiumLibrary">
<arg>CADASTRO</arg>
<doc>Click text identified by ``text``.</doc>
<status status="PASS" starttime="20220822 00:49:55.740" endtime="20220822 00:49:56.338"/>
</kw>
<kw name="Wait Until Page Contains" library="AppiumLibrary">
<arg>Bem-vindo, crie sua conta.</arg>
<doc>Waits until `text` appears on current page.</doc>
<status status="PASS" starttime="20220822 00:49:56.338" endtime="20220822 00:49:57.362"/>
</kw>
<status status="PASS" starttime="20220822 00:49:52.842" endtime="20220822 00:49:57.362"/>
</kw>
<kw name="Choice Job">
<arg>DevOps</arg>
<kw name="Click Element" library="AppiumLibrary">
<arg>${SPINNER}</arg>
<doc>Click element identified by `locator`.</doc>
<msg timestamp="20220822 00:49:57.365" level="INFO">Clicking element 'id=io.qaninja.android.twp:id/spinnerJob'.</msg>
<status status="PASS" starttime="20220822 00:49:57.363" endtime="20220822 00:49:57.424"/>
</kw>
<kw name="Wait Until Element Is Visible" library="AppiumLibrary">
<arg>${LIST_OPTIONS}</arg>
<doc>Waits until element specified with `locator` is visible.</doc>
<status status="PASS" starttime="20220822 00:49:57.425" endtime="20220822 00:49:58.366"/>
</kw>
<kw name="Click Text" library="AppiumLibrary">
<arg>${TARGET}</arg>
<doc>Click text identified by ``text``.</doc>
<status status="PASS" starttime="20220822 00:49:58.366" endtime="20220822 00:49:59.111"/>
</kw>
<status status="PASS" starttime="20220822 00:49:57.363" endtime="20220822 00:49:59.111"/>
</kw>
<kw name="Close Session" library="base" type="TEARDOWN">
<kw name="Capture Page Screenshot" library="AppiumLibrary">
<doc>Takes a screenshot of the current page and embeds it into the log.</doc>
<msg timestamp="20220822 00:49:59.424" level="INFO" html="true">&lt;/td&gt;&lt;/tr&gt;&lt;tr&gt;&lt;td colspan="3"&gt;&lt;a href="appium-screenshot-11.png"&gt;&lt;img src="appium-screenshot-11.png" width="800px"&gt;&lt;/a&gt;</msg>
<status status="PASS" starttime="20220822 00:49:59.112" endtime="20220822 00:49:59.424"/>
</kw>
<kw name="Close Application" library="AppiumLibrary">
<doc>Closes the current application and also close webdriver session.</doc>
<status status="PASS" starttime="20220822 00:49:59.424" endtime="20220822 00:50:00.162"/>
</kw>
<status status="PASS" starttime="20220822 00:49:59.112" endtime="20220822 00:50:00.162"/>
</kw>
<status status="PASS" starttime="20220822 00:49:34.461" endtime="20220822 00:50:00.163"/>
</test>
<status status="PASS" starttime="20220822 00:49:08.808" endtime="20220822 00:50:00.166"/>
</suite>
<suite id="s1-s9" name="Swipe" source="C:\qacademy\twp\tests\swipe.robot">
<test id="s1-s9-t1" name="Deve remover o Capitão América" line="12">
<kw name="Open Session" library="base" type="SETUP">
<kw name="Set Appium Timeout" library="AppiumLibrary">
<arg>5</arg>
<doc>Sets the timeout in seconds used by various keywords.</doc>
<status status="PASS" starttime="20220822 00:50:00.178" endtime="20220822 00:50:00.178"/>
</kw>
<kw name="Open Application" library="AppiumLibrary">
<arg>http://localhost:4723/wd/hub</arg>
<arg>automationName=UiAutomator2</arg>
<arg>platformName=Android</arg>
<arg>deviceName=Android Emulator</arg>
<arg>app=${EXECDIR}/app/twp.apk</arg>
<doc>Opens a new application to given Appium server.
Capabilities of appium server, Android and iOS,
Please check https://github.com/appium/appium/blob/master/docs/en/writing-running-appium/server-args.md
| *Option*            | *Man.* | *Description*     |
| remote_url          | Yes    | Appium server url |
| alias               | no     | alias             |</doc>
<status status="PASS" starttime="20220822 00:50:00.178" endtime="20220822 00:50:13.806"/>
</kw>
<kw name="Get Started" library="helpers">
<kw name="Wait Until Page Contains" library="AppiumLibrary">
<arg>${START}</arg>
<doc>Waits until `text` appears on current page.</doc>
<status status="PASS" starttime="20220822 00:50:13.806" endtime="20220822 00:50:17.838"/>
</kw>
<kw name="Click Text" library="AppiumLibrary">
<arg>${START}</arg>
<doc>Click text identified by ``text``.</doc>
<status status="PASS" starttime="20220822 00:50:17.838" endtime="20220822 00:50:18.555"/>
</kw>
<status status="PASS" starttime="20220822 00:50:13.806" endtime="20220822 00:50:18.555"/>
</kw>
<status status="PASS" starttime="20220822 00:50:00.177" endtime="20220822 00:50:18.555"/>
</kw>
<kw name="Go To List Avengers" library="helpers">
<kw name="Go To AVENGERS" library="helpers" sourcename="Go To ${ELEMENT}">
<kw name="Open Nav" library="helpers">
<kw name="Wait Until Element Is Visible" library="AppiumLibrary">
<arg>${MENU_HAMBURGUER}</arg>
<doc>Waits until element specified with `locator` is visible.</doc>
<status status="PASS" starttime="20220822 00:50:18.558" endtime="20220822 00:50:19.789"/>
</kw>
<kw name="Click Element" library="AppiumLibrary">
<arg>${MENU_HAMBURGUER}</arg>
<doc>Click element identified by `locator`.</doc>
<msg timestamp="20220822 00:50:19.791" level="INFO">Clicking element 'xpath=//android.widget.ImageButton[@content-desc="Open navigation drawer"]'.</msg>
<status status="PASS" starttime="20220822 00:50:19.789" endtime="20220822 00:50:19.897"/>
</kw>
<kw name="Wait Until Element Is Visible" library="AppiumLibrary">
<arg>${NAV_VIEW}</arg>
<doc>Waits until element specified with `locator` is visible.</doc>
<status status="PASS" starttime="20220822 00:50:19.897" endtime="20220822 00:50:20.843"/>
</kw>
<status status="PASS" starttime="20220822 00:50:18.557" endtime="20220822 00:50:20.843"/>
</kw>
<kw name="Click Text" library="AppiumLibrary">
<arg>${ELEMENT}</arg>
<doc>Click text identified by ``text``.</doc>
<status status="PASS" starttime="20220822 00:50:20.843" endtime="20220822 00:50:21.031"/>
</kw>
<kw name="Wait Until Page Contains" library="AppiumLibrary">
<arg>${ELEMENT}</arg>
<doc>Waits until `text` appears on current page.</doc>
<status status="PASS" starttime="20220822 00:50:21.031" endtime="20220822 00:50:21.450"/>
</kw>
<status status="PASS" starttime="20220822 00:50:18.557" endtime="20220822 00:50:21.450"/>
</kw>
<kw name="Wait Until Page Contains" library="AppiumLibrary">
<arg>AVENGERS</arg>
<doc>Waits until `text` appears on current page.</doc>
<status status="PASS" starttime="20220822 00:50:21.450" endtime="20220822 00:50:22.023"/>
</kw>
<kw name="Click Text" library="AppiumLibrary">
<arg>LISTA</arg>
<doc>Click text identified by ``text``.</doc>
<status status="PASS" starttime="20220822 00:50:22.023" endtime="20220822 00:50:22.171"/>
</kw>
<kw name="Wait Until Page Contains" library="AppiumLibrary">
<arg>LISTA</arg>
<doc>Waits until `text` appears on current page.</doc>
<status status="PASS" starttime="20220822 00:50:22.171" endtime="20220822 00:50:22.290"/>
</kw>
<status status="PASS" starttime="20220822 00:50:18.556" endtime="20220822 00:50:22.290"/>
</kw>
<kw name="Swipe By Percent" library="AppiumLibrary">
<arg>88.88</arg>
<arg>18.22</arg>
<arg>47.22</arg>
<arg>18.22</arg>
<doc>Swipe from one percent of the screen to another percent, for an optional duration.
Normal swipe fails to scale for different screen resolutions, this can be avoided using percent.</doc>
<status status="PASS" starttime="20220822 00:50:22.291" endtime="20220822 00:50:23.997"/>
</kw>
<kw name="Wait Until Element Is Visible" library="AppiumLibrary">
<arg>${BUTTON_REMOVE}</arg>
<doc>Waits until element specified with `locator` is visible.</doc>
<status status="PASS" starttime="20220822 00:50:23.998" endtime="20220822 00:50:24.054"/>
</kw>
<kw name="Click Element" library="AppiumLibrary">
<arg>${BUTTON_REMOVE}</arg>
<doc>Click element identified by `locator`.</doc>
<msg timestamp="20220822 00:50:24.058" level="INFO">Clicking element 'id=io.qaninja.android.twp:id/btnRemove'.</msg>
<status status="PASS" starttime="20220822 00:50:24.055" endtime="20220822 00:50:24.145"/>
</kw>
<kw name="Wait Until Page Contains" library="AppiumLibrary">
<arg>Item removido!</arg>
<doc>Waits until `text` appears on current page.</doc>
<status status="PASS" starttime="20220822 00:50:24.146" endtime="20220822 00:50:24.498"/>
</kw>
<kw name="Close Session" library="base" type="TEARDOWN">
<kw name="Capture Page Screenshot" library="AppiumLibrary">
<doc>Takes a screenshot of the current page and embeds it into the log.</doc>
<msg timestamp="20220822 00:50:24.818" level="INFO" html="true">&lt;/td&gt;&lt;/tr&gt;&lt;tr&gt;&lt;td colspan="3"&gt;&lt;a href="appium-screenshot-12.png"&gt;&lt;img src="appium-screenshot-12.png" width="800px"&gt;&lt;/a&gt;</msg>
<status status="PASS" starttime="20220822 00:50:24.499" endtime="20220822 00:50:24.818"/>
</kw>
<kw name="Close Application" library="AppiumLibrary">
<doc>Closes the current application and also close webdriver session.</doc>
<status status="PASS" starttime="20220822 00:50:24.818" endtime="20220822 00:50:25.675"/>
</kw>
<status status="PASS" starttime="20220822 00:50:24.499" endtime="20220822 00:50:25.675"/>
</kw>
<status status="PASS" starttime="20220822 00:50:00.177" endtime="20220822 00:50:25.676"/>
</test>
<status status="PASS" starttime="20220822 00:50:00.169" endtime="20220822 00:50:25.680"/>
</suite>
<status status="PASS" starttime="20220822 00:44:58.629" endtime="20220822 00:50:25.688"/>
</suite>
<statistics>
<total>
<stat pass="13" fail="0" skip="0">All Tests</stat>
</total>
<tag>
<stat pass="1" fail="0" skip="0">long</stat>
<stat pass="1" fail="0" skip="0">short</stat>
</tag>
<suite>
<stat pass="13" fail="0" skip="0" id="s1" name="Tests">Tests</stat>
<stat pass="2" fail="0" skip="0" id="s1-s1" name="Buttons">Tests.Buttons</stat>
<stat pass="1" fail="0" skip="0" id="s1-s2" name="Checkbox">Tests.Checkbox</stat>
<stat pass="1" fail="0" skip="0" id="s1-s3" name="Drag-Drop">Tests.Drag-Drop</stat>
<stat pass="1" fail="0" skip="0" id="s1-s4" name="Home">Tests.Home</stat>
<stat pass="1" fail="0" skip="0" id="s1-s5" name="Login">Tests.Login</stat>
<stat pass="3" fail="0" skip="0" id="s1-s6" name="Nav">Tests.Nav</stat>
<stat pass="1" fail="0" skip="0" id="s1-s7" name="Radio">Tests.Radio</stat>
<stat pass="2" fail="0" skip="0" id="s1-s8" name="Spinner">Tests.Spinner</stat>
<stat pass="1" fail="0" skip="0" id="s1-s9" name="Swipe">Tests.Swipe</stat>
</suite>
</statistics>
<errors>
</errors>
</robot>
